2025-09-12 10:17:24,287 - kmip.server.config - INFO - Loading server configuration settings from: /etc/pykmip/server.conf
2025-09-12 10:17:24,366 - kmip.server.monitor - INFO - Starting up the operation policy file monitor.
2025-09-12 10:17:24,500 - kmip.server.config - INFO - Loading server configuration settings from: /etc/pykmip/server.conf
2025-09-12 10:17:24,603 - kmip.server.monitor - INFO - Starting up the operation policy file monitor.
2025-09-12 10:17:24,654 - kmip.server.config - INFO - Loading server configuration settings from: /etc/pykmip/server.conf
2025-09-12 10:17:24,740 - kmip.server.monitor - INFO - Starting up the operation policy file monitor.
2025-09-12 10:17:24,974 - kmip.server.config - INFO - Loading server configuration settings from: /etc/pykmip/server.conf
2025-09-12 10:17:25,080 - kmip.server.monitor - INFO - Starting up the operation policy file monitor.
2025-09-12 10:17:25,195 - kmip.server.config - INFO - Loading server configuration settings from: /etc/pykmip/server.conf
2025-09-12 10:17:25,263 - kmip.server.monitor - INFO - Starting up the operation policy file monitor.
2025-09-12 10:17:25,298 - kmip.server.config - INFO - Loading server configuration settings from: /etc/pykmip/server.conf
2025-09-12 10:17:25,369 - kmip.server.monitor - INFO - Starting up the operation policy file monitor.
2025-09-12 10:17:25,700 - kmip.server.config - INFO - Loading server configuration settings from: /etc/pykmip/server.conf
2025-09-12 10:17:25,731 - kmip.server.config - INFO - Loading server configuration settings from: /etc/pykmip/server.conf
2025-09-12 10:17:25,808 - kmip.server.monitor - INFO - Starting up the operation policy file monitor.
2025-09-12 10:17:25,824 - kmip.server.monitor - INFO - Starting up the operation policy file monitor.
2025-09-12 10:17:26,113 - kmip.server.config - INFO - Loading server configuration settings from: /etc/pykmip/server.conf
2025-09-12 10:17:26,155 - kmip.server.config - INFO - Loading server configuration settings from: /etc/pykmip/server.conf
2025-09-12 10:17:26,182 - kmip.server.monitor - INFO - Starting up the operation policy file monitor.
2025-09-12 10:17:26,221 - kmip.server.monitor - INFO - Starting up the operation policy file monitor.
2025-09-12 10:17:26,345 - kmip.server - INFO - Starting server socket handler.
2025-09-12 10:17:26,345 - kmip.server - DEBUG - Configured cipher suites: 3
2025-09-12 10:17:26,345 - kmip.server - DEBUG - TLS_ECDHE_ECDSA_WITH_AES_256_CBC_SHA384
2025-09-12 10:17:26,345 - kmip.server - DEBUG - TLS_RSA_WITH_AES_256_CBC_SHA256
2025-09-12 10:17:26,345 - kmip.server - DEBUG - TLS_RSA_WITH_AES_128_CBC_SHA256
2025-09-12 10:17:26,345 - kmip.server - DEBUG - Authentication suite ciphers to use: 3
2025-09-12 10:17:26,346 - kmip.server - DEBUG - AES128-SHA256
2025-09-12 10:17:26,346 - kmip.server - DEBUG - AES256-SHA256
2025-09-12 10:17:26,346 - kmip.server - DEBUG - ECDHE-ECDSA-AES256-SHA384
2025-09-12 10:17:26,351 - kmip.server - INFO - Server successfully bound socket handler to 0.0.0.0:5696
2025-09-12 10:17:26,351 - kmip.server - INFO - Starting connection service...
2025-09-12 10:19:23,649 - kmip.server.monitor - INFO - Stopping the operation policy file monitor.
2025-09-12 10:19:23,784 - kmip.server.monitor - INFO - Stopping the operation policy file monitor.
2025-09-12 10:19:23,853 - kmip.server.monitor - INFO - Stopping the operation policy file monitor.
2025-09-12 10:19:23,861 - kmip.server.monitor - INFO - Stopping the operation policy file monitor.
2025-09-12 10:19:24,122 - kmip.server.monitor - INFO - Stopping the operation policy file monitor.
2025-09-12 10:19:24,262 - kmip.server.monitor - INFO - Stopping the operation policy file monitor.
2025-09-12 10:19:24,305 - kmip.server.monitor - INFO - Stopping the operation policy file monitor.
2025-09-12 10:19:24,410 - kmip.server.monitor - INFO - Stopping the operation policy file monitor.
2025-09-12 10:19:24,410 - kmip.server.monitor - INFO - Stopping the operation policy file monitor.
2025-09-12 10:19:26,458 - kmip.server - INFO - Stopping connection service.
2025-09-12 10:19:26,459 - kmip.server - INFO - Cleaning up remaining connection threads.
2025-09-12 10:19:26,459 - kmip.server - INFO - Shutting down server socket handler.
2025-09-12 10:19:27,227 - kmip.server.monitor - INFO - Stopping the operation policy file monitor.
2025-09-12 10:19:39,094 - kmip.server.config - INFO - Loading server configuration settings from: /etc/pykmip/server.conf
2025-09-12 10:19:39,157 - kmip.server.monitor - INFO - Starting up the operation policy file monitor.
2025-09-12 10:19:39,235 - kmip.server - INFO - Starting server socket handler.
2025-09-12 10:19:39,236 - kmip.server - DEBUG - Configured cipher suites: 3
2025-09-12 10:19:39,236 - kmip.server - DEBUG - TLS_RSA_WITH_AES_256_CBC_SHA256
2025-09-12 10:19:39,236 - kmip.server - DEBUG - TLS_RSA_WITH_AES_128_CBC_SHA256
2025-09-12 10:19:39,236 - kmip.server - DEBUG - TLS_ECDHE_ECDSA_WITH_AES_256_CBC_SHA384
2025-09-12 10:19:39,236 - kmip.server - DEBUG - Authentication suite ciphers to use: 3
2025-09-12 10:19:39,236 - kmip.server - DEBUG - AES128-SHA256
2025-09-12 10:19:39,236 - kmip.server - DEBUG - ECDHE-ECDSA-AES256-SHA384
2025-09-12 10:19:39,236 - kmip.server - DEBUG - AES256-SHA256
2025-09-12 10:19:39,240 - kmip.server - INFO - Server successfully bound socket handler to 0.0.0.0:5696
2025-09-12 10:19:39,240 - kmip.server - INFO - Starting connection service...
2025-09-12 10:19:39,281 - kmip.server.config - INFO - Loading server configuration settings from: /etc/pykmip/server.conf
2025-09-12 10:19:39,355 - kmip.server.monitor - INFO - Starting up the operation policy file monitor.
2025-09-12 10:19:39,443 - kmip.server - INFO - Starting server socket handler.
2025-09-12 10:19:39,444 - kmip.server - DEBUG - Configured cipher suites: 3
2025-09-12 10:19:39,444 - kmip.server - DEBUG - TLS_ECDHE_ECDSA_WITH_AES_256_CBC_SHA384
2025-09-12 10:19:39,444 - kmip.server - DEBUG - TLS_RSA_WITH_AES_128_CBC_SHA256
2025-09-12 10:19:39,445 - kmip.server - DEBUG - TLS_RSA_WITH_AES_256_CBC_SHA256
2025-09-12 10:19:39,445 - kmip.server - DEBUG - Authentication suite ciphers to use: 3
2025-09-12 10:19:39,445 - kmip.server - DEBUG - ECDHE-ECDSA-AES256-SHA384
2025-09-12 10:19:39,445 - kmip.server - DEBUG - AES256-SHA256
2025-09-12 10:19:39,445 - kmip.server - DEBUG - AES128-SHA256
2025-09-12 10:19:39,452 - kmip.server - INFO - Server successfully bound socket handler to 0.0.0.0:5696
2025-09-12 10:19:39,453 - kmip.server - INFO - Starting connection service...
2025-09-12 10:19:39,554 - kmip.server.config - INFO - Loading server configuration settings from: /etc/pykmip/server.conf
2025-09-12 10:19:39,621 - kmip.server.monitor - INFO - Starting up the operation policy file monitor.
2025-09-12 10:19:39,724 - kmip.server - INFO - Starting server socket handler.
2025-09-12 10:19:39,724 - kmip.server - DEBUG - Configured cipher suites: 3
2025-09-12 10:19:39,724 - kmip.server - DEBUG - TLS_RSA_WITH_AES_128_CBC_SHA256
2025-09-12 10:19:39,725 - kmip.server - DEBUG - TLS_RSA_WITH_AES_256_CBC_SHA256
2025-09-12 10:19:39,725 - kmip.server - DEBUG - TLS_ECDHE_ECDSA_WITH_AES_256_CBC_SHA384
2025-09-12 10:19:39,725 - kmip.server - DEBUG - Authentication suite ciphers to use: 3
2025-09-12 10:19:39,725 - kmip.server - DEBUG - AES256-SHA256
2025-09-12 10:19:39,725 - kmip.server - DEBUG - AES128-SHA256
2025-09-12 10:19:39,725 - kmip.server - DEBUG - ECDHE-ECDSA-AES256-SHA384
2025-09-12 10:19:39,731 - kmip.server - INFO - Server successfully bound socket handler to 0.0.0.0:5696
2025-09-12 10:19:39,732 - kmip.server - INFO - Starting connection service...
2025-09-12 10:19:39,766 - kmip.server.config - INFO - Loading server configuration settings from: /etc/pykmip/server.conf
2025-09-12 10:19:39,832 - kmip.server.monitor - INFO - Starting up the operation policy file monitor.
2025-09-12 10:19:39,875 - kmip.server.config - INFO - Loading server configuration settings from: /etc/pykmip/server.conf
2025-09-12 10:19:39,920 - kmip.server - INFO - Starting server socket handler.
2025-09-12 10:19:39,921 - kmip.server - DEBUG - Configured cipher suites: 3
2025-09-12 10:19:39,921 - kmip.server - DEBUG - TLS_ECDHE_ECDSA_WITH_AES_256_CBC_SHA384
2025-09-12 10:19:39,921 - kmip.server - DEBUG - TLS_RSA_WITH_AES_256_CBC_SHA256
2025-09-12 10:19:39,921 - kmip.server - DEBUG - TLS_RSA_WITH_AES_128_CBC_SHA256
2025-09-12 10:19:39,921 - kmip.server - DEBUG - Authentication suite ciphers to use: 3
2025-09-12 10:19:39,921 - kmip.server - DEBUG - AES128-SHA256
2025-09-12 10:19:39,921 - kmip.server - DEBUG - ECDHE-ECDSA-AES256-SHA384
2025-09-12 10:19:39,921 - kmip.server - DEBUG - AES256-SHA256
2025-09-12 10:19:39,927 - kmip.server - INFO - Server successfully bound socket handler to 0.0.0.0:5696
2025-09-12 10:19:39,928 - kmip.server - INFO - Starting connection service...
2025-09-12 10:19:39,942 - kmip.server.monitor - INFO - Starting up the operation policy file monitor.
2025-09-12 10:19:40,031 - kmip.server - INFO - Starting server socket handler.
2025-09-12 10:19:40,031 - kmip.server - DEBUG - Configured cipher suites: 3
2025-09-12 10:19:40,031 - kmip.server - DEBUG - TLS_RSA_WITH_AES_128_CBC_SHA256
2025-09-12 10:19:40,031 - kmip.server - DEBUG - TLS_RSA_WITH_AES_256_CBC_SHA256
2025-09-12 10:19:40,031 - kmip.server - DEBUG - TLS_ECDHE_ECDSA_WITH_AES_256_CBC_SHA384
2025-09-12 10:19:40,031 - kmip.server - DEBUG - Authentication suite ciphers to use: 3
2025-09-12 10:19:40,031 - kmip.server - DEBUG - AES128-SHA256
2025-09-12 10:19:40,032 - kmip.server - DEBUG - AES256-SHA256
2025-09-12 10:19:40,032 - kmip.server - DEBUG - ECDHE-ECDSA-AES256-SHA384
2025-09-12 10:19:40,036 - kmip.server - INFO - Server successfully bound socket handler to 0.0.0.0:5696
2025-09-12 10:19:40,036 - kmip.server - INFO - Starting connection service...
2025-09-12 10:19:40,071 - kmip.server.config - INFO - Loading server configuration settings from: /etc/pykmip/server.conf
2025-09-12 10:19:40,154 - kmip.server.monitor - INFO - Starting up the operation policy file monitor.
2025-09-12 10:19:40,246 - kmip.server - INFO - Starting server socket handler.
2025-09-12 10:19:40,247 - kmip.server - DEBUG - Configured cipher suites: 3
2025-09-12 10:19:40,247 - kmip.server - DEBUG - TLS_ECDHE_ECDSA_WITH_AES_256_CBC_SHA384
2025-09-12 10:19:40,247 - kmip.server - DEBUG - TLS_RSA_WITH_AES_256_CBC_SHA256
2025-09-12 10:19:40,247 - kmip.server - DEBUG - TLS_RSA_WITH_AES_128_CBC_SHA256
2025-09-12 10:19:40,247 - kmip.server - DEBUG - Authentication suite ciphers to use: 3
2025-09-12 10:19:40,247 - kmip.server - DEBUG - AES128-SHA256
2025-09-12 10:19:40,247 - kmip.server - DEBUG - AES256-SHA256
2025-09-12 10:19:40,247 - kmip.server - DEBUG - ECDHE-ECDSA-AES256-SHA384
2025-09-12 10:19:40,251 - kmip.server - INFO - Server successfully bound socket handler to 0.0.0.0:5696
2025-09-12 10:19:40,252 - kmip.server - INFO - Starting connection service...
2025-09-12 10:19:40,344 - kmip.server.config - INFO - Loading server configuration settings from: /etc/pykmip/server.conf
2025-09-12 10:19:40,418 - kmip.server.monitor - INFO - Starting up the operation policy file monitor.
2025-09-12 10:19:40,511 - kmip.server - INFO - Starting server socket handler.
2025-09-12 10:19:40,511 - kmip.server - DEBUG - Configured cipher suites: 3
2025-09-12 10:19:40,511 - kmip.server - DEBUG - TLS_RSA_WITH_AES_128_CBC_SHA256
2025-09-12 10:19:40,511 - kmip.server - DEBUG - TLS_RSA_WITH_AES_256_CBC_SHA256
2025-09-12 10:19:40,511 - kmip.server - DEBUG - TLS_ECDHE_ECDSA_WITH_AES_256_CBC_SHA384
2025-09-12 10:19:40,511 - kmip.server - DEBUG - Authentication suite ciphers to use: 3
2025-09-12 10:19:40,512 - kmip.server - DEBUG - AES256-SHA256
2025-09-12 10:19:40,512 - kmip.server - DEBUG - AES128-SHA256
2025-09-12 10:19:40,512 - kmip.server - DEBUG - ECDHE-ECDSA-AES256-SHA384
2025-09-12 10:19:40,515 - kmip.server - INFO - Server successfully bound socket handler to 0.0.0.0:5696
2025-09-12 10:19:40,515 - kmip.server - INFO - Starting connection service...
2025-09-12 10:19:40,582 - kmip.server.config - INFO - Loading server configuration settings from: /etc/pykmip/server.conf
2025-09-12 10:19:40,649 - kmip.server.monitor - INFO - Starting up the operation policy file monitor.
2025-09-12 10:19:40,739 - kmip.server - INFO - Starting server socket handler.
2025-09-12 10:19:40,739 - kmip.server - DEBUG - Configured cipher suites: 3
2025-09-12 10:19:40,739 - kmip.server - DEBUG - TLS_ECDHE_ECDSA_WITH_AES_256_CBC_SHA384
2025-09-12 10:19:40,740 - kmip.server - DEBUG - TLS_RSA_WITH_AES_128_CBC_SHA256
2025-09-12 10:19:40,740 - kmip.server - DEBUG - TLS_RSA_WITH_AES_256_CBC_SHA256
2025-09-12 10:19:40,740 - kmip.server - DEBUG - Authentication suite ciphers to use: 3
2025-09-12 10:19:40,740 - kmip.server - DEBUG - ECDHE-ECDSA-AES256-SHA384
2025-09-12 10:19:40,740 - kmip.server - DEBUG - AES128-SHA256
2025-09-12 10:19:40,740 - kmip.server - DEBUG - AES256-SHA256
2025-09-12 10:19:40,745 - kmip.server - INFO - Server successfully bound socket handler to 0.0.0.0:5696
2025-09-12 10:19:40,745 - kmip.server - INFO - Starting connection service...
2025-09-12 10:19:40,760 - kmip.server.config - INFO - Loading server configuration settings from: /etc/pykmip/server.conf
2025-09-12 10:19:40,826 - kmip.server.monitor - INFO - Starting up the operation policy file monitor.
2025-09-12 10:19:40,926 - kmip.server - INFO - Starting server socket handler.
2025-09-12 10:19:40,927 - kmip.server - DEBUG - Configured cipher suites: 3
2025-09-12 10:19:40,927 - kmip.server - DEBUG - TLS_ECDHE_ECDSA_WITH_AES_256_CBC_SHA384
2025-09-12 10:19:40,927 - kmip.server - DEBUG - TLS_RSA_WITH_AES_256_CBC_SHA256
2025-09-12 10:19:40,927 - kmip.server - DEBUG - TLS_RSA_WITH_AES_128_CBC_SHA256
2025-09-12 10:19:40,928 - kmip.server - DEBUG - Authentication suite ciphers to use: 3
2025-09-12 10:19:40,928 - kmip.server - DEBUG - AES128-SHA256
2025-09-12 10:19:40,928 - kmip.server - DEBUG - AES256-SHA256
2025-09-12 10:19:40,928 - kmip.server - DEBUG - ECDHE-ECDSA-AES256-SHA384
2025-09-12 10:19:40,933 - kmip.server - INFO - Server successfully bound socket handler to 0.0.0.0:5696
2025-09-12 10:19:40,934 - kmip.server - INFO - Starting connection service...
2025-09-12 10:19:40,976 - kmip.server.config - INFO - Loading server configuration settings from: /etc/pykmip/server.conf
2025-09-12 10:19:41,043 - kmip.server.monitor - INFO - Starting up the operation policy file monitor.
2025-09-12 10:19:41,125 - kmip.server - INFO - Starting server socket handler.
2025-09-12 10:19:41,125 - kmip.server - DEBUG - Configured cipher suites: 3
2025-09-12 10:19:41,125 - kmip.server - DEBUG - TLS_RSA_WITH_AES_256_CBC_SHA256
2025-09-12 10:19:41,126 - kmip.server - DEBUG - TLS_RSA_WITH_AES_128_CBC_SHA256
2025-09-12 10:19:41,126 - kmip.server - DEBUG - TLS_ECDHE_ECDSA_WITH_AES_256_CBC_SHA384
2025-09-12 10:19:41,126 - kmip.server - DEBUG - Authentication suite ciphers to use: 3
2025-09-12 10:19:41,126 - kmip.server - DEBUG - AES128-SHA256
2025-09-12 10:19:41,126 - kmip.server - DEBUG - ECDHE-ECDSA-AES256-SHA384
2025-09-12 10:19:41,126 - kmip.server - DEBUG - AES256-SHA256
2025-09-12 10:19:41,131 - kmip.server - INFO - Server successfully bound socket handler to 0.0.0.0:5696
2025-09-12 10:19:41,132 - kmip.server - INFO - Starting connection service...
2025-09-12 10:19:49,929 - kmip.server - INFO - Stopping connection service.
2025-09-12 10:19:49,929 - kmip.server - INFO - Cleaning up remaining connection threads.
2025-09-12 10:19:49,929 - kmip.server - INFO - Shutting down server socket handler.
2025-09-12 10:19:50,038 - kmip.server - INFO - Stopping connection service.
2025-09-12 10:19:50,038 - kmip.server - INFO - Cleaning up remaining connection threads.
2025-09-12 10:19:50,039 - kmip.server - INFO - Shutting down server socket handler.
2025-09-12 10:19:50,254 - kmip.server - INFO - Stopping connection service.
2025-09-12 10:19:50,254 - kmip.server - INFO - Cleaning up remaining connection threads.
2025-09-12 10:19:50,254 - kmip.server - INFO - Shutting down server socket handler.
2025-09-12 10:19:50,516 - kmip.server - INFO - Stopping connection service.
2025-09-12 10:19:50,517 - kmip.server - INFO - Cleaning up remaining connection threads.
2025-09-12 10:19:50,517 - kmip.server - INFO - Shutting down server socket handler.
2025-09-12 10:19:50,746 - kmip.server - INFO - Stopping connection service.
2025-09-12 10:19:50,747 - kmip.server - INFO - Cleaning up remaining connection threads.
2025-09-12 10:19:50,747 - kmip.server - INFO - Shutting down server socket handler.
2025-09-12 10:19:50,836 - kmip.server.monitor - INFO - Stopping the operation policy file monitor.
2025-09-12 10:19:50,935 - kmip.server - INFO - Stopping connection service.
2025-09-12 10:19:50,936 - kmip.server - INFO - Cleaning up remaining connection threads.
2025-09-12 10:19:50,936 - kmip.server - INFO - Shutting down server socket handler.
2025-09-12 10:19:50,946 - kmip.server.monitor - INFO - Stopping the operation policy file monitor.
2025-09-12 10:19:51,133 - kmip.server - INFO - Stopping connection service.
2025-09-12 10:19:51,134 - kmip.server - INFO - Cleaning up remaining connection threads.
2025-09-12 10:19:51,134 - kmip.server - INFO - Shutting down server socket handler.
2025-09-12 10:19:51,158 - kmip.server.monitor - INFO - Stopping the operation policy file monitor.
2025-09-12 10:19:51,424 - kmip.server.monitor - INFO - Stopping the operation policy file monitor.
2025-09-12 10:19:51,654 - kmip.server.monitor - INFO - Stopping the operation policy file monitor.
2025-09-12 10:19:51,831 - kmip.server.monitor - INFO - Stopping the operation policy file monitor.
2025-09-12 10:19:52,048 - kmip.server.monitor - INFO - Stopping the operation policy file monitor.
2025-09-12 10:19:59,259 - kmip.server - INFO - Stopping connection service.
2025-09-12 10:19:59,260 - kmip.server - INFO - Cleaning up remaining connection threads.
2025-09-12 10:19:59,260 - kmip.server - INFO - Shutting down server socket handler.
2025-09-12 10:19:59,472 - kmip.server - INFO - Stopping connection service.
2025-09-12 10:19:59,473 - kmip.server - INFO - Cleaning up remaining connection threads.
2025-09-12 10:19:59,473 - kmip.server - INFO - Shutting down server socket handler.
2025-09-12 10:19:59,752 - kmip.server - INFO - Stopping connection service.
2025-09-12 10:19:59,753 - kmip.server - INFO - Cleaning up remaining connection threads.
2025-09-12 10:19:59,753 - kmip.server - INFO - Shutting down server socket handler.
